<?xml version="1.0" encoding="UTF-8"?>
<!-- Generated by org.testng.reporters.JUnitReportReporter -->
<testsuite name="com.xiaosu.testng.getCookiesByCookieStore2" tests="3" time="3.641" ignored="0" failures="0" timestamp="16 七月 2018 07:53:44 GMT" skipped="0" hostname="xiaosu-PC" errors="0">
  <testcase name="getCookies" time="1.214" classname="com.xiaosu.testng.getCookiesByCookieStore2"/>
  <testcase name="getCookies" time="1.214" classname="com.xiaosu.testng.getCookiesByCookieStore2"/>
  <testcase name="getCookies" time="1.213" classname="com.xiaosu.testng.getCookiesByCookieStore2"/>
</testsuite> <!-- com.xiaosu.testng.getCookiesByCookieStore2 -->
