<?xml version="1.0" encoding="UTF-8"?>
<!-- Generated by org.testng.reporters.JUnitReportReporter -->
<testsuite name="com.xiaosu.testng.PostWithCookies" tests="2" time="1.424" ignored="0" failures="0" timestamp="13 七月 2018 02:41:10 GMT" skipped="0" hostname="xiaosu-PC" errors="0">
  <testcase name="getCookies" time="1.291" classname="com.xiaosu.testng.PostWithCookies"/>
  <testcase name="postWithCookies" time="0.133" classname="com.xiaosu.testng.PostWithCookies"/>
</testsuite> <!-- com.xiaosu.testng.PostWithCookies -->
