<?xml version="1.0" encoding="UTF-8"?>
<!-- Generated by org.testng.reporters.JUnitReportReporter -->
<testsuite name="com.xiaosu.testng.PostWithFormEntity" tests="1" time="1.784" ignored="0" failures="0" timestamp="12 七月 2018 09:25:00 GMT" skipped="0" hostname="xiaosu-PC" errors="0">
  <testcase name="f1" time="1.784" classname="com.xiaosu.testng.PostWithFormEntity"/>
</testsuite> <!-- com.xiaosu.testng.PostWithFormEntity -->
