<?xml version="1.0" encoding="UTF-8"?>
<!-- Generated by org.testng.reporters.JUnitReportReporter -->
<testsuite name="com.xiaosu.testng.Str" tests="1" time="0.029" ignored="0" failures="0" timestamp="12 七月 2018 08:54:06 GMT" skipped="0" hostname="xiaosu-PC" errors="0">
  <testcase name="f1" time="0.029" classname="com.xiaosu.testng.Str"/>
</testsuite> <!-- com.xiaosu.testng.Str -->
