<?xml version="1.0" encoding="UTF-8"?>
<!-- Generated by org.testng.reporters.JUnitReportReporter -->
<testsuite name="com.xiaosu.testng.PostWithFiddlerProxy" tests="1" time="1.116" ignored="0" failures="0" timestamp="12 七月 2018 09:41:27 GMT" skipped="0" hostname="xiaosu-PC" errors="0">
  <testcase name="f1" time="1.116" classname="com.xiaosu.testng.PostWithFiddlerProxy"/>
</testsuite> <!-- com.xiaosu.testng.PostWithFiddlerProxy -->
