<?xml version="1.0" encoding="UTF-8"?>
<!-- Generated by org.testng.reporters.JUnitReportReporter -->
<testsuite name="com.xiaosu.testng.HttpClient002" tests="1" time="1.683" ignored="0" failures="0" timestamp="12 七月 2018 08:45:08 GMT" skipped="0" hostname="xiaosu-PC" errors="0">
  <testcase name="f1" time="1.683" classname="com.xiaosu.testng.HttpClient002"/>
</testsuite> <!-- com.xiaosu.testng.HttpClient002 -->
