<?xml version="1.0" encoding="UTF-8"?>
<!-- Generated by org.testng.reporters.JUnitReportReporter -->
<testsuite name="com.xiaosu.testng.PostWithStringEntityOfForm" tests="1" time="2.616" ignored="0" failures="0" timestamp="12 七月 2018 09:28:53 GMT" skipped="0" hostname="xiaosu-PC" errors="0">
  <testcase name="f1" time="2.616" classname="com.xiaosu.testng.PostWithStringEntityOfForm"/>
</testsuite> <!-- com.xiaosu.testng.PostWithStringEntityOfForm -->
