<?xml version="1.0" encoding="UTF-8"?>
<!-- Generated by org.testng.reporters.JUnitReportReporter -->
<testsuite name="com.xiaosu.testng.BasicAnnoation" tests="2" time="0.023" ignored="0" failures="0" timestamp="12 七月 2018 02:14:07 GMT" skipped="0" hostname="xiaosu-PC" errors="0">
  <testcase name="testCase1" time="0.006" classname="com.xiaosu.testng.BasicAnnoation"/>
  <testcase name="testCase2" time="0.017" classname="com.xiaosu.testng.BasicAnnoation"/>
</testsuite> <!-- com.xiaosu.testng.BasicAnnoation -->
