<?xml version="1.0" encoding="UTF-8"?>
<!-- Generated by org.testng.reporters.JUnitReportReporter -->
<testsuite name="com.xiaosu.testng.AssertTest" tests="1" time="0.019" ignored="0" failures="0" timestamp="12 七月 2018 07:14:26 GMT" skipped="0" hostname="xiaosu-PC" errors="0">
  <testcase name="f1" time="0.019" classname="com.xiaosu.testng.AssertTest"/>
</testsuite> <!-- com.xiaosu.testng.AssertTest -->
